{"C:\\Source\\Cakes\\node-backend\\dao\\cakeDao.js": {"path":"C:\\Source\\Cakes\\node-backend\\dao\\cakeDao.js","statementMap":{"0":{"start":{"line":10,"column":1},"end":{"line":28,"column":1}},"1":{"start":{"line":14,"column":1},"end":{"line":25,"column":3}},"2":{"start":{"line":16,"column":4},"end":{"line":16,"column":59}},"3":{"start":{"line":20,"column":4},"end":{"line":22,"column":5}},"4":{"start":{"line":21,"column":6},"end":{"line":21,"column":25}},"5":{"start":{"line":24,"column":4},"end":{"line":24,"column":16}},"6":{"start":{"line":27,"column":1},"end":{"line":27,"column":14}},"7":{"start":{"line":36,"column":0},"end":{"line":61,"column":1}},"8":{"start":{"line":40,"column":1},"end":{"line":58,"column":3}},"9":{"start":{"line":42,"column":16},"end":{"line":45,"column":5}},"10":{"start":{"line":49,"column":6},"end":{"line":49,"column":17}},"11":{"start":{"line":53,"column":4},"end":{"line":55,"column":5}},"12":{"start":{"line":54,"column":6},"end":{"line":54,"column":25}},"13":{"start":{"line":57,"column":4},"end":{"line":57,"column":16}},"14":{"start":{"line":60,"column":1},"end":{"line":60,"column":13}},"15":{"start":{"line":69,"column":0},"end":{"line":89,"column":1}},"16":{"start":{"line":71,"column":1},"end":{"line":86,"column":3}},"17":{"start":{"line":73,"column":4},"end":{"line":73,"column":34}},"18":{"start":{"line":75,"column":16},"end":{"line":75,"column":59}},"19":{"start":{"line":81,"column":4},"end":{"line":83,"column":5}},"20":{"start":{"line":82,"column":6},"end":{"line":82,"column":25}},"21":{"start":{"line":85,"column":4},"end":{"line":85,"column":16}},"22":{"start":{"line":88,"column":1},"end":{"line":88,"column":13}},"23":{"start":{"line":97,"column":0},"end":{"line":120,"column":1}},"24":{"start":{"line":101,"column":1},"end":{"line":117,"column":3}},"25":{"start":{"line":103,"column":16},"end":{"line":106,"column":5}},"26":{"start":{"line":112,"column":4},"end":{"line":114,"column":5}},"27":{"start":{"line":113,"column":6},"end":{"line":113,"column":25}},"28":{"start":{"line":116,"column":4},"end":{"line":116,"column":16}},"29":{"start":{"line":119,"column":1},"end":{"line":119,"column":16}},"30":{"start":{"line":122,"column":0},"end":{"line":133,"column":1}},"31":{"start":{"line":125,"column":1},"end":{"line":125,"column":78}},"32":{"start":{"line":125,"column":31},"end":{"line":125,"column":78}},"33":{"start":{"line":126,"column":1},"end":{"line":126,"column":74}},"34":{"start":{"line":126,"column":29},"end":{"line":126,"column":74}},"35":{"start":{"line":127,"column":2},"end":{"line":127,"column":81}},"36":{"start":{"line":127,"column":33},"end":{"line":127,"column":81}},"37":{"start":{"line":128,"column":1},"end":{"line":128,"column":82}},"38":{"start":{"line":128,"column":33},"end":{"line":128,"column":82}},"39":{"start":{"line":129,"column":2},"end":{"line":129,"column":85}},"40":{"start":{"line":129,"column":35},"end":{"line":129,"column":85}},"41":{"start":{"line":132,"column":2},"end":{"line":132,"column":140}},"42":{"start":{"line":132,"column":52},"end":{"line":132,"column":140}}},"fnMap":{"0":{"name":"(anonymous_0)","decl":{"start":{"line":10,"column":23},"end":{"line":10,"column":24}},"loc":{"start":{"line":10,"column":37},"end":{"line":28,"column":1}},"line":10},"1":{"name":"(anonymous_1)","decl":{"start":{"line":36,"column":22},"end":{"line":36,"column":23}},"loc":{"start":{"line":36,"column":44},"end":{"line":61,"column":1}},"line":36},"2":{"name":"(anonymous_2)","decl":{"start":{"line":69,"column":21},"end":{"line":69,"column":22}},"loc":{"start":{"line":69,"column":41},"end":{"line":89,"column":1}},"line":69},"3":{"name":"(anonymous_3)","decl":{"start":{"line":97,"column":25},"end":{"line":97,"column":26}},"loc":{"start":{"line":97,"column":47},"end":{"line":120,"column":1}},"line":97},"4":{"name":"(anonymous_4)","decl":{"start":{"line":122,"column":23},"end":{"line":122,"column":24}},"loc":{"start":{"line":122,"column":39},"end":{"line":133,"column":1}},"line":122}},"branchMap":{"0":{"loc":{"start":{"line":20,"column":4},"end":{"line":22,"column":5}},"type":"if","locations":[{"start":{"line":20,"column":4},"end":{"line":22,"column":5}},{"start":{"line":20,"column":4},"end":{"line":22,"column":5}}],"line":20},"1":{"loc":{"start":{"line":20,"column":8},"end":{"line":20,"column":57}},"type":"binary-expr","locations":[{"start":{"line":20,"column":8},"end":{"line":20,"column":34}},{"start":{"line":20,"column":38},"end":{"line":20,"column":57}}],"line":20},"2":{"loc":{"start":{"line":53,"column":4},"end":{"line":55,"column":5}},"type":"if","locations":[{"start":{"line":53,"column":4},"end":{"line":55,"column":5}},{"start":{"line":53,"column":4},"end":{"line":55,"column":5}}],"line":53},"3":{"loc":{"start":{"line":53,"column":8},"end":{"line":53,"column":57}},"type":"binary-expr","locations":[{"start":{"line":53,"column":8},"end":{"line":53,"column":34}},{"start":{"line":53,"column":38},"end":{"line":53,"column":57}}],"line":53},"4":{"loc":{"start":{"line":81,"column":4},"end":{"line":83,"column":5}},"type":"if","locations":[{"start":{"line":81,"column":4},"end":{"line":83,"column":5}},{"start":{"line":81,"column":4},"end":{"line":83,"column":5}}],"line":81},"5":{"loc":{"start":{"line":81,"column":8},"end":{"line":81,"column":57}},"type":"binary-expr","locations":[{"start":{"line":81,"column":8},"end":{"line":81,"column":34}},{"start":{"line":81,"column":38},"end":{"line":81,"column":57}}],"line":81},"6":{"loc":{"start":{"line":112,"column":4},"end":{"line":114,"column":5}},"type":"if","locations":[{"start":{"line":112,"column":4},"end":{"line":114,"column":5}},{"start":{"line":112,"column":4},"end":{"line":114,"column":5}}],"line":112},"7":{"loc":{"start":{"line":112,"column":8},"end":{"line":112,"column":57}},"type":"binary-expr","locations":[{"start":{"line":112,"column":8},"end":{"line":112,"column":34}},{"start":{"line":112,"column":38},"end":{"line":112,"column":57}}],"line":112},"8":{"loc":{"start":{"line":125,"column":1},"end":{"line":125,"column":78}},"type":"if","locations":[{"start":{"line":125,"column":1},"end":{"line":125,"column":78}},{"start":{"line":125,"column":1},"end":{"line":125,"column":78}}],"line":125},"9":{"loc":{"start":{"line":126,"column":1},"end":{"line":126,"column":74}},"type":"if","locations":[{"start":{"line":126,"column":1},"end":{"line":126,"column":74}},{"start":{"line":126,"column":1},"end":{"line":126,"column":74}}],"line":126},"10":{"loc":{"start":{"line":127,"column":2},"end":{"line":127,"column":81}},"type":"if","locations":[{"start":{"line":127,"column":2},"end":{"line":127,"column":81}},{"start":{"line":127,"column":2},"end":{"line":127,"column":81}}],"line":127},"11":{"loc":{"start":{"line":128,"column":1},"end":{"line":128,"column":82}},"type":"if","locations":[{"start":{"line":128,"column":1},"end":{"line":128,"column":82}},{"start":{"line":128,"column":1},"end":{"line":128,"column":82}}],"line":128},"12":{"loc":{"start":{"line":129,"column":2},"end":{"line":129,"column":85}},"type":"if","locations":[{"start":{"line":129,"column":2},"end":{"line":129,"column":85}},{"start":{"line":129,"column":2},"end":{"line":129,"column":85}}],"line":129},"13":{"loc":{"start":{"line":132,"column":2},"end":{"line":132,"column":140}},"type":"if","locations":[{"start":{"line":132,"column":2},"end":{"line":132,"column":140}},{"start":{"line":132,"column":2},"end":{"line":132,"column":140}}],"line":132},"14":{"loc":{"start":{"line":132,"column":6},"end":{"line":132,"column":50}},"type":"binary-expr","locations":[{"start":{"line":132,"column":7},"end":{"line":132,"column":25}},{"start":{"line":132,"column":31},"end":{"line":132,"column":49}}],"line":132}},"s":{"0":1,"1":0,"2":0,"3":0,"4":0,"5":0,"6":0,"7":1,"8":0,"9":0,"10":0,"11":0,"12":0,"13":0,"14":0,"15":1,"16":8,"17":8,"18":1,"19":7,"20":0,"21":7,"22":1,"23":1,"24":0,"25":0,"26":0,"27":0,"28":0,"29":0,"30":1,"31":8,"32":1,"33":7,"34":1,"35":6,"36":1,"37":5,"38":1,"39":4,"40":1,"41":3,"42":2},"f":{"0":0,"1":0,"2":8,"3":0,"4":8},"b":{"0":[0,0],"1":[0,0],"2":[0,0],"3":[0,0],"4":[0,7],"5":[7,7],"6":[0,0],"7":[0,0],"8":[1,7],"9":[1,6],"10":[1,5],"11":[1,4],"12":[1,3],"13":[2,1],"14":[3,2]},"_coverageSchema":"1a1c01bbd47fc00a2c39e90264f33305004495a9","hash":"452b58349f6abc0410f0db5c8f4ce8259e902081"}
,"C:\\Source\\Cakes\\node-backend\\database\\databaseConfig.js": {"path":"C:\\Source\\Cakes\\node-backend\\database\\databaseConfig.js","statementMap":{"0":{"start":{"line":5,"column":0},"end":{"line":9,"column":2}},"1":{"start":{"line":12,"column":0},"end":{"line":44,"column":2}}},"fnMap":{},"branchMap":{},"s":{"0":1,"1":1},"f":{},"b":{},"_coverageSchema":"1a1c01bbd47fc00a2c39e90264f33305004495a9","hash":"07d956662cc77217743c2d37b0511c442f69f0e2"}
,"C:\\Source\\Cakes\\node-backend\\database\\databaseCreator.js": {"path":"C:\\Source\\Cakes\\node-backend\\database\\databaseCreator.js","statementMap":{"0":{"start":{"line":5,"column":19},"end":{"line":5,"column":49}},"1":{"start":{"line":6,"column":24},"end":{"line":6,"column":51}},"2":{"start":{"line":13,"column":0},"end":{"line":27,"column":1}},"3":{"start":{"line":15,"column":12},"end":{"line":16,"column":40}},"4":{"start":{"line":16,"column":18},"end":{"line":16,"column":37}},"5":{"start":{"line":16,"column":27},"end":{"line":16,"column":37}},"6":{"start":{"line":18,"column":12},"end":{"line":18,"column":98}},"7":{"start":{"line":20,"column":2},"end":{"line":22,"column":2}},"8":{"start":{"line":21,"column":4},"end":{"line":21,"column":15}},"9":{"start":{"line":24,"column":2},"end":{"line":24,"column":14}},"10":{"start":{"line":26,"column":2},"end":{"line":26,"column":13}},"11":{"start":{"line":33,"column":1},"end":{"line":54,"column":1}},"12":{"start":{"line":34,"column":12},"end":{"line":34,"column":45}},"13":{"start":{"line":36,"column":17},"end":{"line":36,"column":43}},"14":{"start":{"line":37,"column":1},"end":{"line":51,"column":2}},"15":{"start":{"line":37,"column":14},"end":{"line":37,"column":15}},"16":{"start":{"line":39,"column":21},"end":{"line":39,"column":31}},"17":{"start":{"line":41,"column":4},"end":{"line":50,"column":17}},"18":{"start":{"line":43,"column":6},"end":{"line":43,"column":69}},"19":{"start":{"line":45,"column":6},"end":{"line":48,"column":7}},"20":{"start":{"line":47,"column":8},"end":{"line":47,"column":90}},"21":{"start":{"line":53,"column":1},"end":{"line":53,"column":18}},"22":{"start":{"line":56,"column":0},"end":{"line":56,"column":25}},"23":{"start":{"line":57,"column":0},"end":{"line":57,"column":29}}},"fnMap":{"0":{"name":"(anonymous_0)","decl":{"start":{"line":13,"column":27},"end":{"line":13,"column":28}},"loc":{"start":{"line":13,"column":43},"end":{"line":27,"column":1}},"line":13},"1":{"name":"(anonymous_1)","decl":{"start":{"line":16,"column":9},"end":{"line":16,"column":10}},"loc":{"start":{"line":16,"column":16},"end":{"line":16,"column":39}},"line":16},"2":{"name":"(anonymous_2)","decl":{"start":{"line":20,"column":14},"end":{"line":20,"column":15}},"loc":{"start":{"line":20,"column":20},"end":{"line":22,"column":2}},"line":20},"3":{"name":"(anonymous_3)","decl":{"start":{"line":33,"column":29},"end":{"line":33,"column":30}},"loc":{"start":{"line":33,"column":45},"end":{"line":54,"column":1}},"line":33}},"branchMap":{"0":{"loc":{"start":{"line":16,"column":18},"end":{"line":16,"column":37}},"type":"if","locations":[{"start":{"line":16,"column":18},"end":{"line":16,"column":37}},{"start":{"line":16,"column":18},"end":{"line":16,"column":37}}],"line":16},"1":{"loc":{"start":{"line":18,"column":12},"end":{"line":18,"column":98}},"type":"cond-expr","locations":[{"start":{"line":18,"column":21},"end":{"line":18,"column":55}},{"start":{"line":18,"column":58},"end":{"line":18,"column":98}}],"line":18},"2":{"loc":{"start":{"line":45,"column":6},"end":{"line":48,"column":7}},"type":"if","locations":[{"start":{"line":45,"column":6},"end":{"line":48,"column":7}},{"start":{"line":45,"column":6},"end":{"line":48,"column":7}}],"line":45}},"s":{"0":1,"1":1,"2":1,"3":11,"4":0,"5":0,"6":11,"7":11,"8":11,"9":11,"10":11,"11":1,"12":2,"13":2,"14":2,"15":2,"16":2,"17":2,"18":2,"19":0,"20":0,"21":2,"22":1,"23":1},"f":{"0":11,"1":0,"2":11,"3":2},"b":{"0":[0,0],"1":[10,1],"2":[0,0]},"_coverageSchema":"1a1c01bbd47fc00a2c39e90264f33305004495a9","hash":"638e0e84c3b726e03a538abe7f3b74b1dd239057"}
}
