{"C:\\Source\\Cakes\\node-backend\\dao\\cakeDao.js": {"path":"C:\\Source\\Cakes\\node-backend\\dao\\cakeDao.js","statementMap":{"0":{"start":{"line":10,"column":1},"end":{"line":28,"column":1}},"1":{"start":{"line":14,"column":1},"end":{"line":25,"column":3}},"2":{"start":{"line":16,"column":4},"end":{"line":16,"column":59}},"3":{"start":{"line":20,"column":4},"end":{"line":22,"column":5}},"4":{"start":{"line":21,"column":6},"end":{"line":21,"column":25}},"5":{"start":{"line":24,"column":4},"end":{"line":24,"column":16}},"6":{"start":{"line":27,"column":1},"end":{"line":27,"column":14}},"7":{"start":{"line":36,"column":0},"end":{"line":61,"column":1}},"8":{"start":{"line":40,"column":1},"end":{"line":58,"column":3}},"9":{"start":{"line":42,"column":16},"end":{"line":45,"column":5}},"10":{"start":{"line":49,"column":6},"end":{"line":49,"column":17}},"11":{"start":{"line":53,"column":4},"end":{"line":55,"column":5}},"12":{"start":{"line":54,"column":6},"end":{"line":54,"column":25}},"13":{"start":{"line":57,"column":4},"end":{"line":57,"column":16}},"14":{"start":{"line":60,"column":1},"end":{"line":60,"column":13}},"15":{"start":{"line":69,"column":0},"end":{"line":89,"column":1}},"16":{"start":{"line":71,"column":1},"end":{"line":86,"column":3}},"17":{"start":{"line":73,"column":4},"end":{"line":73,"column":34}},"18":{"start":{"line":75,"column":16},"end":{"line":75,"column":59}},"19":{"start":{"line":81,"column":4},"end":{"line":83,"column":5}},"20":{"start":{"line":82,"column":6},"end":{"line":82,"column":25}},"21":{"start":{"line":85,"column":4},"end":{"line":85,"column":16}},"22":{"start":{"line":88,"column":1},"end":{"line":88,"column":13}},"23":{"start":{"line":97,"column":0},"end":{"line":120,"column":1}},"24":{"start":{"line":101,"column":1},"end":{"line":117,"column":3}},"25":{"start":{"line":103,"column":16},"end":{"line":106,"column":5}},"26":{"start":{"line":112,"column":4},"end":{"line":114,"column":5}},"27":{"start":{"line":113,"column":6},"end":{"line":113,"column":25}},"28":{"start":{"line":116,"column":4},"end":{"line":116,"column":16}},"29":{"start":{"line":119,"column":1},"end":{"line":119,"column":16}},"30":{"start":{"line":128,"column":0},"end":{"line":141,"column":1}},"31":{"start":{"line":129,"column":2},"end":{"line":138,"column":3}},"32":{"start":{"line":131,"column":4},"end":{"line":131,"column":47}},"33":{"start":{"line":132,"column":4},"end":{"line":132,"column":50}},"34":{"start":{"line":135,"column":4},"end":{"line":135,"column":19}},"35":{"start":{"line":137,"column":4},"end":{"line":137,"column":57}},"36":{"start":{"line":140,"column":2},"end":{"line":140,"column":14}},"37":{"start":{"line":143,"column":0},"end":{"line":154,"column":1}},"38":{"start":{"line":146,"column":1},"end":{"line":146,"column":78}},"39":{"start":{"line":146,"column":31},"end":{"line":146,"column":78}},"40":{"start":{"line":147,"column":1},"end":{"line":147,"column":74}},"41":{"start":{"line":147,"column":29},"end":{"line":147,"column":74}},"42":{"start":{"line":148,"column":2},"end":{"line":148,"column":81}},"43":{"start":{"line":148,"column":33},"end":{"line":148,"column":81}},"44":{"start":{"line":149,"column":1},"end":{"line":149,"column":82}},"45":{"start":{"line":149,"column":33},"end":{"line":149,"column":82}},"46":{"start":{"line":150,"column":2},"end":{"line":150,"column":85}},"47":{"start":{"line":150,"column":35},"end":{"line":150,"column":85}},"48":{"start":{"line":153,"column":2},"end":{"line":153,"column":140}},"49":{"start":{"line":153,"column":52},"end":{"line":153,"column":140}}},"fnMap":{"0":{"name":"(anonymous_0)","decl":{"start":{"line":10,"column":23},"end":{"line":10,"column":24}},"loc":{"start":{"line":10,"column":37},"end":{"line":28,"column":1}},"line":10},"1":{"name":"(anonymous_1)","decl":{"start":{"line":36,"column":22},"end":{"line":36,"column":23}},"loc":{"start":{"line":36,"column":44},"end":{"line":61,"column":1}},"line":36},"2":{"name":"(anonymous_2)","decl":{"start":{"line":69,"column":21},"end":{"line":69,"column":22}},"loc":{"start":{"line":69,"column":41},"end":{"line":89,"column":1}},"line":69},"3":{"name":"(anonymous_3)","decl":{"start":{"line":97,"column":25},"end":{"line":97,"column":26}},"loc":{"start":{"line":97,"column":47},"end":{"line":120,"column":1}},"line":97},"4":{"name":"(anonymous_4)","decl":{"start":{"line":128,"column":20},"end":{"line":128,"column":21}},"loc":{"start":{"line":128,"column":41},"end":{"line":141,"column":1}},"line":128},"5":{"name":"(anonymous_5)","decl":{"start":{"line":143,"column":23},"end":{"line":143,"column":24}},"loc":{"start":{"line":143,"column":39},"end":{"line":154,"column":1}},"line":143}},"branchMap":{"0":{"loc":{"start":{"line":20,"column":4},"end":{"line":22,"column":5}},"type":"if","locations":[{"start":{"line":20,"column":4},"end":{"line":22,"column":5}},{"start":{"line":20,"column":4},"end":{"line":22,"column":5}}],"line":20},"1":{"loc":{"start":{"line":20,"column":8},"end":{"line":20,"column":57}},"type":"binary-expr","locations":[{"start":{"line":20,"column":8},"end":{"line":20,"column":34}},{"start":{"line":20,"column":38},"end":{"line":20,"column":57}}],"line":20},"2":{"loc":{"start":{"line":53,"column":4},"end":{"line":55,"column":5}},"type":"if","locations":[{"start":{"line":53,"column":4},"end":{"line":55,"column":5}},{"start":{"line":53,"column":4},"end":{"line":55,"column":5}}],"line":53},"3":{"loc":{"start":{"line":53,"column":8},"end":{"line":53,"column":57}},"type":"binary-expr","locations":[{"start":{"line":53,"column":8},"end":{"line":53,"column":34}},{"start":{"line":53,"column":38},"end":{"line":53,"column":57}}],"line":53},"4":{"loc":{"start":{"line":81,"column":4},"end":{"line":83,"column":5}},"type":"if","locations":[{"start":{"line":81,"column":4},"end":{"line":83,"column":5}},{"start":{"line":81,"column":4},"end":{"line":83,"column":5}}],"line":81},"5":{"loc":{"start":{"line":81,"column":8},"end":{"line":81,"column":57}},"type":"binary-expr","locations":[{"start":{"line":81,"column":8},"end":{"line":81,"column":34}},{"start":{"line":81,"column":38},"end":{"line":81,"column":57}}],"line":81},"6":{"loc":{"start":{"line":112,"column":4},"end":{"line":114,"column":5}},"type":"if","locations":[{"start":{"line":112,"column":4},"end":{"line":114,"column":5}},{"start":{"line":112,"column":4},"end":{"line":114,"column":5}}],"line":112},"7":{"loc":{"start":{"line":112,"column":8},"end":{"line":112,"column":57}},"type":"binary-expr","locations":[{"start":{"line":112,"column":8},"end":{"line":112,"column":34}},{"start":{"line":112,"column":38},"end":{"line":112,"column":57}}],"line":112},"8":{"loc":{"start":{"line":137,"column":40},"end":{"line":137,"column":55}},"type":"binary-expr","locations":[{"start":{"line":137,"column":40},"end":{"line":137,"column":48}},{"start":{"line":137,"column":52},"end":{"line":137,"column":55}}],"line":137},"9":{"loc":{"start":{"line":146,"column":1},"end":{"line":146,"column":78}},"type":"if","locations":[{"start":{"line":146,"column":1},"end":{"line":146,"column":78}},{"start":{"line":146,"column":1},"end":{"line":146,"column":78}}],"line":146},"10":{"loc":{"start":{"line":147,"column":1},"end":{"line":147,"column":74}},"type":"if","locations":[{"start":{"line":147,"column":1},"end":{"line":147,"column":74}},{"start":{"line":147,"column":1},"end":{"line":147,"column":74}}],"line":147},"11":{"loc":{"start":{"line":148,"column":2},"end":{"line":148,"column":81}},"type":"if","locations":[{"start":{"line":148,"column":2},"end":{"line":148,"column":81}},{"start":{"line":148,"column":2},"end":{"line":148,"column":81}}],"line":148},"12":{"loc":{"start":{"line":149,"column":1},"end":{"line":149,"column":82}},"type":"if","locations":[{"start":{"line":149,"column":1},"end":{"line":149,"column":82}},{"start":{"line":149,"column":1},"end":{"line":149,"column":82}}],"line":149},"13":{"loc":{"start":{"line":150,"column":2},"end":{"line":150,"column":85}},"type":"if","locations":[{"start":{"line":150,"column":2},"end":{"line":150,"column":85}},{"start":{"line":150,"column":2},"end":{"line":150,"column":85}}],"line":150},"14":{"loc":{"start":{"line":153,"column":2},"end":{"line":153,"column":140}},"type":"if","locations":[{"start":{"line":153,"column":2},"end":{"line":153,"column":140}},{"start":{"line":153,"column":2},"end":{"line":153,"column":140}}],"line":153},"15":{"loc":{"start":{"line":153,"column":6},"end":{"line":153,"column":50}},"type":"binary-expr","locations":[{"start":{"line":153,"column":7},"end":{"line":153,"column":25}},{"start":{"line":153,"column":31},"end":{"line":153,"column":49}}],"line":153}},"s":{"0":1,"1":0,"2":0,"3":0,"4":0,"5":0,"6":0,"7":1,"8":0,"9":0,"10":0,"11":0,"12":0,"13":0,"14":0,"15":1,"16":9,"17":9,"18":2,"19":7,"20":0,"21":7,"22":2,"23":1,"24":0,"25":0,"26":0,"27":0,"28":0,"29":0,"30":1,"31":1,"32":1,"33":1,"34":0,"35":0,"36":1,"37":1,"38":9,"39":1,"40":8,"41":1,"42":7,"43":1,"44":6,"45":1,"46":5,"47":1,"48":4,"49":2},"f":{"0":0,"1":0,"2":9,"3":0,"4":1,"5":9},"b":{"0":[0,0],"1":[0,0],"2":[0,0],"3":[0,0],"4":[0,7],"5":[7,7],"6":[0,0],"7":[0,0],"8":[0,0],"9":[1,8],"10":[1,7],"11":[1,6],"12":[1,5],"13":[1,4],"14":[2,2],"15":[4,3]},"_coverageSchema":"1a1c01bbd47fc00a2c39e90264f33305004495a9","hash":"16da1956179daa837614a40dc1f237c6ca056cc7"}
,"C:\\Source\\Cakes\\node-backend\\database\\databaseConfig.js": {"path":"C:\\Source\\Cakes\\node-backend\\database\\databaseConfig.js","statementMap":{"0":{"start":{"line":5,"column":0},"end":{"line":9,"column":2}},"1":{"start":{"line":12,"column":0},"end":{"line":44,"column":2}}},"fnMap":{},"branchMap":{},"s":{"0":1,"1":1},"f":{},"b":{},"_coverageSchema":"1a1c01bbd47fc00a2c39e90264f33305004495a9","hash":"07d956662cc77217743c2d37b0511c442f69f0e2"}
,"C:\\Source\\Cakes\\node-backend\\database\\databaseCreator.js": {"path":"C:\\Source\\Cakes\\node-backend\\database\\databaseCreator.js","statementMap":{"0":{"start":{"line":5,"column":18},"end":{"line":5,"column":48}},"1":{"start":{"line":6,"column":23},"end":{"line":6,"column":50}},"2":{"start":{"line":8,"column":14},"end":{"line":8,"column":54}},"3":{"start":{"line":9,"column":16},"end":{"line":9,"column":41}},"4":{"start":{"line":16,"column":0},"end":{"line":30,"column":1}},"5":{"start":{"line":18,"column":12},"end":{"line":19,"column":40}},"6":{"start":{"line":19,"column":18},"end":{"line":19,"column":37}},"7":{"start":{"line":19,"column":27},"end":{"line":19,"column":37}},"8":{"start":{"line":21,"column":12},"end":{"line":21,"column":98}},"9":{"start":{"line":23,"column":2},"end":{"line":25,"column":2}},"10":{"start":{"line":24,"column":4},"end":{"line":24,"column":15}},"11":{"start":{"line":27,"column":2},"end":{"line":27,"column":14}},"12":{"start":{"line":29,"column":2},"end":{"line":29,"column":13}},"13":{"start":{"line":36,"column":0},"end":{"line":57,"column":1}},"14":{"start":{"line":37,"column":12},"end":{"line":37,"column":45}},"15":{"start":{"line":39,"column":17},"end":{"line":39,"column":43}},"16":{"start":{"line":40,"column":1},"end":{"line":54,"column":2}},"17":{"start":{"line":40,"column":14},"end":{"line":40,"column":15}},"18":{"start":{"line":42,"column":21},"end":{"line":42,"column":31}},"19":{"start":{"line":44,"column":4},"end":{"line":53,"column":17}},"20":{"start":{"line":46,"column":6},"end":{"line":46,"column":69}},"21":{"start":{"line":48,"column":6},"end":{"line":51,"column":7}},"22":{"start":{"line":50,"column":8},"end":{"line":50,"column":90}},"23":{"start":{"line":56,"column":1},"end":{"line":56,"column":18}},"24":{"start":{"line":63,"column":0},"end":{"line":69,"column":1}},"25":{"start":{"line":64,"column":13},"end":{"line":64,"column":46}},"26":{"start":{"line":66,"column":2},"end":{"line":66,"column":50}},"27":{"start":{"line":68,"column":2},"end":{"line":68,"column":19}},"28":{"start":{"line":71,"column":0},"end":{"line":71,"column":25}},"29":{"start":{"line":72,"column":0},"end":{"line":72,"column":29}},"30":{"start":{"line":74,"column":0},"end":{"line":74,"column":20}}},"fnMap":{"0":{"name":"(anonymous_0)","decl":{"start":{"line":16,"column":27},"end":{"line":16,"column":28}},"loc":{"start":{"line":16,"column":43},"end":{"line":30,"column":1}},"line":16},"1":{"name":"(anonymous_1)","decl":{"start":{"line":19,"column":9},"end":{"line":19,"column":10}},"loc":{"start":{"line":19,"column":16},"end":{"line":19,"column":39}},"line":19},"2":{"name":"(anonymous_2)","decl":{"start":{"line":23,"column":14},"end":{"line":23,"column":15}},"loc":{"start":{"line":23,"column":20},"end":{"line":25,"column":2}},"line":23},"3":{"name":"(anonymous_3)","decl":{"start":{"line":36,"column":28},"end":{"line":36,"column":29}},"loc":{"start":{"line":36,"column":44},"end":{"line":57,"column":1}},"line":36},"4":{"name":"(anonymous_4)","decl":{"start":{"line":63,"column":23},"end":{"line":63,"column":24}},"loc":{"start":{"line":63,"column":39},"end":{"line":69,"column":1}},"line":63}},"branchMap":{"0":{"loc":{"start":{"line":19,"column":18},"end":{"line":19,"column":37}},"type":"if","locations":[{"start":{"line":19,"column":18},"end":{"line":19,"column":37}},{"start":{"line":19,"column":18},"end":{"line":19,"column":37}}],"line":19},"1":{"loc":{"start":{"line":21,"column":12},"end":{"line":21,"column":98}},"type":"cond-expr","locations":[{"start":{"line":21,"column":21},"end":{"line":21,"column":55}},{"start":{"line":21,"column":58},"end":{"line":21,"column":98}}],"line":21},"2":{"loc":{"start":{"line":48,"column":6},"end":{"line":51,"column":7}},"type":"if","locations":[{"start":{"line":48,"column":6},"end":{"line":51,"column":7}},{"start":{"line":48,"column":6},"end":{"line":51,"column":7}}],"line":48}},"s":{"0":1,"1":1,"2":1,"3":1,"4":1,"5":13,"6":0,"7":0,"8":13,"9":13,"10":13,"11":13,"12":13,"13":1,"14":2,"15":2,"16":2,"17":2,"18":2,"19":2,"20":2,"21":0,"22":0,"23":2,"24":1,"25":1,"26":1,"27":1,"28":1,"29":1,"30":1},"f":{"0":13,"1":0,"2":13,"3":2,"4":1},"b":{"0":[0,0],"1":[11,2],"2":[0,0]},"_coverageSchema":"1a1c01bbd47fc00a2c39e90264f33305004495a9","hash":"6f19065287293f66fb25a44433c8c3d017b9832f"}
,"C:\\Source\\Cakes\\node-backend\\database\\data\\cakeSeedData.js": {"path":"C:\\Source\\Cakes\\node-backend\\database\\data\\cakeSeedData.js","statementMap":{"0":{"start":{"line":1,"column":0},"end":{"line":37,"column":2}}},"fnMap":{},"branchMap":{},"s":{"0":1},"f":{},"b":{},"_coverageSchema":"1a1c01bbd47fc00a2c39e90264f33305004495a9","hash":"45a0a9192130e4ab8c2af7a1021fcdfd40dd4e29"}
}
