TN:
SF:dao\cakeDao.js
FN:10,(anonymous_0)
FN:36,(anonymous_1)
FN:69,(anonymous_2)
FN:97,(anonymous_3)
FN:122,(anonymous_4)
FNF:5
FNH:2
FNDA:0,(anonymous_0)
FNDA:0,(anonymous_1)
FNDA:8,(anonymous_2)
FNDA:0,(anonymous_3)
FNDA:8,(anonymous_4)
DA:10,1
DA:14,0
DA:16,0
DA:20,0
DA:21,0
DA:24,0
DA:27,0
DA:36,1
DA:40,0
DA:42,0
DA:49,0
DA:53,0
DA:54,0
DA:57,0
DA:60,0
DA:69,1
DA:71,8
DA:73,8
DA:75,1
DA:81,7
DA:82,0
DA:85,7
DA:88,1
DA:97,1
DA:101,0
DA:103,0
DA:112,0
DA:113,0
DA:116,0
DA:119,0
DA:122,1
DA:125,8
DA:126,7
DA:127,6
DA:128,5
DA:129,4
DA:132,3
LF:37
LH:17
BRDA:20,0,0,0
BRDA:20,0,1,0
BRDA:20,1,0,0
BRDA:20,1,1,0
BRDA:53,2,0,0
BRDA:53,2,1,0
BRDA:53,3,0,0
BRDA:53,3,1,0
BRDA:81,4,0,0
BRDA:81,4,1,7
BRDA:81,5,0,7
BRDA:81,5,1,7
BRDA:112,6,0,0
BRDA:112,6,1,0
BRDA:112,7,0,0
BRDA:112,7,1,0
BRDA:125,8,0,1
BRDA:125,8,1,7
BRDA:126,9,0,1
BRDA:126,9,1,6
BRDA:127,10,0,1
BRDA:127,10,1,5
BRDA:128,11,0,1
BRDA:128,11,1,4
BRDA:129,12,0,1
BRDA:129,12,1,3
BRDA:132,13,0,2
BRDA:132,13,1,1
BRDA:132,14,0,3
BRDA:132,14,1,2
BRF:30
BRH:17
end_of_record
TN:
SF:database\databaseConfig.js
FNF:0
FNH:0
DA:5,1
DA:12,1
LF:2
LH:2
BRF:0
BRH:0
end_of_record
TN:
SF:database\databaseCreator.js
FN:13,(anonymous_0)
FN:16,(anonymous_1)
FN:20,(anonymous_2)
FN:33,(anonymous_3)
FNF:4
FNH:3
FNDA:11,(anonymous_0)
FNDA:0,(anonymous_1)
FNDA:11,(anonymous_2)
FNDA:2,(anonymous_3)
DA:5,1
DA:6,1
DA:13,1
DA:15,11
DA:16,0
DA:18,11
DA:20,11
DA:21,11
DA:24,11
DA:26,11
DA:33,1
DA:34,2
DA:36,2
DA:37,2
DA:39,2
DA:41,2
DA:43,2
DA:45,0
DA:47,0
DA:53,2
DA:56,1
DA:57,1
LF:22
LH:19
BRDA:16,0,0,0
BRDA:16,0,1,0
BRDA:18,1,0,10
BRDA:18,1,1,1
BRDA:45,2,0,0
BRDA:45,2,1,0
BRF:6
BRH:2
end_of_record
