TN:
SF:dao\cakeDao.js
FN:10,(anonymous_0)
FN:36,(anonymous_1)
FN:69,(anonymous_2)
FN:97,(anonymous_3)
FN:128,(anonymous_4)
FN:143,(anonymous_5)
FNF:6
FNH:3
FNDA:0,(anonymous_0)
FNDA:0,(anonymous_1)
FNDA:14,(anonymous_2)
FNDA:0,(anonymous_3)
FNDA:1,(anonymous_4)
FNDA:14,(anonymous_5)
DA:10,1
DA:14,0
DA:16,0
DA:20,0
DA:21,0
DA:24,0
DA:27,0
DA:36,1
DA:40,0
DA:42,0
DA:49,0
DA:53,0
DA:54,0
DA:57,0
DA:60,0
DA:69,1
DA:71,14
DA:73,14
DA:75,5
DA:81,13
DA:82,4
DA:85,13
DA:88,1
DA:97,1
DA:101,0
DA:103,0
DA:112,0
DA:113,0
DA:116,0
DA:119,0
DA:128,1
DA:129,1
DA:131,1
DA:132,1
DA:135,0
DA:137,0
DA:140,1
DA:143,1
DA:146,14
DA:147,13
DA:148,12
DA:149,11
DA:150,10
DA:153,9
DA:154,8
DA:155,7
LF:46
LH:25
BRDA:20,0,0,0
BRDA:20,0,1,0
BRDA:20,1,0,0
BRDA:20,1,1,0
BRDA:53,2,0,0
BRDA:53,2,1,0
BRDA:53,3,0,0
BRDA:53,3,1,0
BRDA:81,4,0,4
BRDA:81,4,1,9
BRDA:81,5,0,13
BRDA:81,5,1,9
BRDA:112,6,0,0
BRDA:112,6,1,0
BRDA:112,7,0,0
BRDA:112,7,1,0
BRDA:137,8,0,0
BRDA:137,8,1,0
BRDA:146,9,0,1
BRDA:146,9,1,13
BRDA:147,10,0,1
BRDA:147,10,1,12
BRDA:148,11,0,1
BRDA:148,11,1,11
BRDA:149,12,0,1
BRDA:149,12,1,10
BRDA:150,13,0,1
BRDA:150,13,1,9
BRDA:153,14,0,1
BRDA:153,14,1,8
BRDA:154,15,0,1
BRDA:154,15,1,7
BRDA:155,16,0,2
BRDA:155,16,1,5
BRDA:155,17,0,7
BRDA:155,17,1,6
BRF:36
BRH:22
end_of_record
TN:
SF:database\databaseConfig.js
FNF:0
FNH:0
DA:5,1
DA:12,1
LF:2
LH:2
BRF:0
BRH:0
end_of_record
TN:
SF:database\databaseCreator.js
FN:16,(anonymous_0)
FN:19,(anonymous_1)
FN:23,(anonymous_2)
FN:36,(anonymous_3)
FN:63,(anonymous_4)
FNF:5
FNH:4
FNDA:18,(anonymous_0)
FNDA:0,(anonymous_1)
FNDA:18,(anonymous_2)
FNDA:2,(anonymous_3)
FNDA:1,(anonymous_4)
DA:5,1
DA:6,1
DA:8,1
DA:9,1
DA:16,1
DA:18,18
DA:19,0
DA:21,18
DA:23,18
DA:24,18
DA:27,18
DA:29,18
DA:36,1
DA:37,2
DA:39,2
DA:40,2
DA:42,2
DA:44,2
DA:46,2
DA:48,0
DA:50,0
DA:56,2
DA:63,1
DA:64,1
DA:66,1
DA:68,1
DA:71,1
DA:72,1
DA:74,1
LF:29
LH:26
BRDA:19,0,0,0
BRDA:19,0,1,0
BRDA:21,1,0,16
BRDA:21,1,1,2
BRDA:48,2,0,0
BRDA:48,2,1,0
BRF:6
BRH:2
end_of_record
TN:
SF:database\data\cakeSeedData.js
FNF:0
FNH:0
DA:1,1
LF:1
LH:1
BRF:0
BRH:0
end_of_record
